<?xml version="1.0" encoding="UTF-8"?>
<TestRun id="8d330f2d-88f2-459c-af4c-8da030998ea7" name="U0135363@TAHYS-0135363-L 2013-05-27 19:36:51" runUser="TLR\U0135363" xmlns="http://microsoft.com/schemas/VisualStudio/TeamTest/2010">
  <TestSettings name="Local" id="d60de5da-4308-4a9c-be36-88c4588c9c3a">
    <Description>These are default test settings for a local test run.</Description>
    <Deployment enabled="false" runDeploymentRoot="U0135363_TAHYS-0135363-L 2013-05-27 19_36_51">
      <DeploymentItem filename="D:\Sample Projects\Web Apps\WebService1\WebService1\bin\WebService1.dll" />
    </Deployment>
    <Execution>
      <TestTypeSpecific />
      <AgentRule name="Execution Agents">
      </AgentRule>
    </Execution>
  </TestSettings>
  <Times creation="2013-05-27T19:36:51.0509460+05:30" queuing="2013-05-27T19:36:57.5575966+05:30" start="2013-05-27T19:36:57.7466155+05:30" finish="2013-05-27T19:36:57.8606269+05:30" />
  <ResultSummary outcome="NotRunnable">
    <Counters total="1" error="0" failed="0" timeout="0" aborted="0" inconclusive="0" passedButRunAborted="0" notRunnable="1" notExecuted="0" disconnected="0" warning="0" passed="0" completed="0" inProgress="0" pending="0" />
  </ResultSummary>
  <TestDefinitions>
    <UnitTest name="TestMethod2" storage="d:\sample projects\web apps\webservice1\testproject1\bin\debug\testproject1.dll" id="9381223e-8095-9777-a0c7-26043045171c">
      <Execution id="4e80424c-febb-49f7-aa6c-d2ff95fb386b" />
      <TestMethod codeBase="D:/Sample Projects/Web Apps/WebService1/TestProject1/bin/Debug/TestProject1.DLL" adapterTypeName="Microsoft.VisualStudio.TestTools.TestTypes.Unit.UnitTestAdapter, Microsoft.VisualStudio.QualityTools.Tips.UnitTest.Adapter, Version=10.0.0.0, Culture=neutral, PublicKeyToken=b03f5f7f11d50a3a" className="TestProject1.UnitTest1, TestProject1, Version=1.0.0.0, Culture=neutral, PublicKeyToken=null" name="TestMethod2" />
    </UnitTest>
  </TestDefinitions>
  <TestLists>
    <TestList name="Results Not in a List" id="8c84fa94-04c1-424b-9868-57a2d4851a1d" />
    <TestList name="All Loaded Results" id="19431567-8539-422a-85d7-44ee4e166bda" />
  </TestLists>
  <TestEntries>
    <TestEntry testId="9381223e-8095-9777-a0c7-26043045171c" executionId="4e80424c-febb-49f7-aa6c-d2ff95fb386b" testListId="8c84fa94-04c1-424b-9868-57a2d4851a1d" />
  </TestEntries>
  <Results>
    <UnitTestResult executionId="4e80424c-febb-49f7-aa6c-d2ff95fb386b" testId="9381223e-8095-9777-a0c7-26043045171c" testName="TestMethod2" computerName="TAHYS-0135363-L" testType="13cdc9d9-ddb5-4fa4-a97d-d965ccfc6d4b" outcome="NotRunnable" testListId="8c84fa94-04c1-424b-9868-57a2d4851a1d" relativeResultsDirectory="4e80424c-febb-49f7-aa6c-d2ff95fb386b">
      <Output>
        <ErrorInfo>
          <Message>UTA007: Method TestMethod2 defined in class TestProject1.UnitTest1 does not have correct signature. Test method marked with the [TestMethod] attribute must be non-static, public, does not return a value and should not take any parameter. for example: public void Test.Class1.Test().</Message>
        </ErrorInfo>
      </Output>
    </UnitTestResult>
  </Results>
</TestRun>