<?xml version="1.0" encoding="UTF-8"?>
<TestRun id="c250f344-1210-40a3-99a7-0e4260d44faa" name="U0135363@TAHYS-0135363-L 2013-05-27 19:38:16" runUser="TLR\U0135363" xmlns="http://microsoft.com/schemas/VisualStudio/TeamTest/2010">
  <TestSettings name="Local" id="d60de5da-4308-4a9c-be36-88c4588c9c3a">
    <Description>These are default test settings for a local test run.</Description>
    <Deployment enabled="false" runDeploymentRoot="U0135363_TAHYS-0135363-L 2013-05-27 19_38_16">
      <DeploymentItem filename="D:\Sample Projects\Web Apps\WebService1\WebService1\bin\WebService1.dll" />
    </Deployment>
    <Execution>
      <TestTypeSpecific />
      <AgentRule name="Execution Agents">
      </AgentRule>
    </Execution>
  </TestSettings>
  <Times creation="2013-05-27T19:38:16.3574758+05:30" queuing="2013-05-27T19:38:17.4665867+05:30" start="2013-05-27T19:38:17.6626063+05:30" finish="2013-05-28T19:44:11.6161103+05:30" />
  <ResultSummary outcome="Error">
    <Counters total="1" error="0" failed="0" timeout="0" aborted="0" inconclusive="0" passedButRunAborted="0" notRunnable="0" notExecuted="1" disconnected="0" warning="0" passed="0" completed="0" inProgress="0" pending="0" />
    <RunInfos>
      <RunInfo computerName="TAHYS-0135363-L" outcome="Error" timestamp="2013-05-28T19:44:11.6121099+05:30">
        <Text>Test host process exited unexpectedly.</Text>
      </RunInfo>
    </RunInfos>
  </ResultSummary>
  <TestDefinitions>
    <UnitTest name="TestMethod2" storage="d:\sample projects\web apps\webservice1\testproject1\bin\debug\testproject1.dll" id="9381223e-8095-9777-a0c7-26043045171c">
      <Execution id="503e0867-447b-492a-acb9-3aba9d64c2e8" />
      <TestMethod codeBase="D:/Sample Projects/Web Apps/WebService1/TestProject1/bin/Debug/TestProject1.DLL" adapterTypeName="Microsoft.VisualStudio.TestTools.TestTypes.Unit.UnitTestAdapter, Microsoft.VisualStudio.QualityTools.Tips.UnitTest.Adapter, Version=10.0.0.0, Culture=neutral, PublicKeyToken=b03f5f7f11d50a3a" className="TestProject1.UnitTest1, TestProject1, Version=1.0.0.0, Culture=neutral, PublicKeyToken=null" name="TestMethod2" />
    </UnitTest>
  </TestDefinitions>
  <TestLists>
    <TestList name="Results Not in a List" id="8c84fa94-04c1-424b-9868-57a2d4851a1d" />
    <TestList name="All Loaded Results" id="19431567-8539-422a-85d7-44ee4e166bda" />
  </TestLists>
  <TestEntries>
    <TestEntry testId="9381223e-8095-9777-a0c7-26043045171c" executionId="503e0867-447b-492a-acb9-3aba9d64c2e8" testListId="8c84fa94-04c1-424b-9868-57a2d4851a1d" />
  </TestEntries>
  <Results>
    <UnitTestResult executionId="503e0867-447b-492a-acb9-3aba9d64c2e8" testId="9381223e-8095-9777-a0c7-26043045171c" testName="TestMethod2" computerName="TAHYS-0135363-L" testType="13cdc9d9-ddb5-4fa4-a97d-d965ccfc6d4b" outcome="NotExecuted" testListId="8c84fa94-04c1-424b-9868-57a2d4851a1d" relativeResultsDirectory="503e0867-447b-492a-acb9-3aba9d64c2e8">
    </UnitTestResult>
  </Results>
</TestRun>